<?xml version="1.0" encoding="UTF-8"?>
<testsuite name="Autenticacion en formulario de Colorlib" tests="1" skipped="0" failures="0" errors="0" timestamp="2021-06-08T01:21:08" hostname="MacBook-Pro-de-Mario.local" time="10.629">
  <properties/>
  <testcase name="Diligenciamiento exitoso del formulario de autenticacion en Colorlib" classname="Autenticacion en formulario de Colorlib" time="10.629"/>
  <system-out><![CDATA[]]></system-out>
  <system-err><![CDATA[[Test worker] INFO  -    * Given Yo Ingreso a la plataforma colorlib
[Test worker] INFO  -      * Abrir navegador
Jun 07, 2021 8:21:09 PM org.openqa.selenium.remote.DesiredCapabilities chrome
INFO: Using `new ChromeOptions()` is preferred to `DesiredCapabilities.chrome()`
[Test worker] INFO net.serenitybdd.core.webdriver.driverproviders.ProvideNewDriver - Instantiating driver
[Test worker] INFO net.serenitybdd.core.webdriver.driverproviders.ProvideNewDriver - Driver capabilities: Capabilities {acceptInsecureCerts: false, browserName: chrome, goog:chromeOptions: {args: [], extensions: []}, loggingPrefs: org.openqa.selenium.logging..., platform: ANY, version: }
Starting ChromeDriver 90.0.4430.24 (4c6d850f087da467d926e8eddb76550aed655991-refs/branch-heads/4430@{#429}) on port 11476
Only local connections are allowed.
Please see https://chromedriver.chromium.org/security-considerations for suggestions on keeping ChromeDriver safe.
ChromeDriver was started successfully.
Jun 07, 2021 8:21:12 PM org.openqa.selenium.remote.ProtocolHandshake createSession
INFO: Detected dialect: W3C
[Test worker] INFO  -    * When Yo me autentico con usuario "demo" y clave "demo"
[Test worker] INFO  -      * Formulario autenticacion: demo, demo
[Test worker] INFO  -    * Then Yo verifico el ingreso exitoso
[Test worker] INFO  -      * Acceso
[Test worker] INFO  - ?[92m
        __    _____ _____ ____ _____   ____   _    ____  ____  _____ ____  
  _     \ \  |_   _| ____/ ___|_   _| |  _ \ / \  / ___|/ ___|| ____|  _ \ 
 (_)_____| |   | | |  _| \___ \ | |   | |_) / _ \ \___ \\___ \|  _| | | | |
  _|_____| |   | | | |___ ___) || |   |  __/ ___ \ ___) |___) | |___| |_| |
 (_)     | |   |_| |_____|____/ |_|   |_| /_/   \_\____/|____/|_____|____/ 
        /_/                                                                

Diligenciamiento exitoso del formulario de autenticacion en Colorlib
----------------------------------------------------------------------------?[0m
]]></system-err>
</testsuite>
