<?xml version="1.0" encoding="UTF-8"?>
<testsuite name="Autenticacion en formulario de Colorlib" tests="2" skipped="0" failures="0" errors="0" timestamp="2021-06-11T18:19:21" hostname="MacBook-Pro-de-Mario.local" time="19.034">
  <properties/>
  <testcase name="Diligenciamiento exitoso del formulario de autenticacion en Colorlib" classname="Autenticacion en formulario de Colorlib" time="10.859"/>
  <testcase name="Diligenciamiento exitoso del formulario de autenticacion en Colorlib" classname="Autenticacion en formulario de Colorlib" time="8.169"/>
  <system-out><![CDATA[]]></system-out>
  <system-err><![CDATA[Jun 11, 2021 1:19:22 PM org.openqa.selenium.remote.DesiredCapabilities chrome
INFO: Using `new ChromeOptions()` is preferred to `DesiredCapabilities.chrome()`
Starting ChromeDriver 90.0.4430.24 (4c6d850f087da467d926e8eddb76550aed655991-refs/branch-heads/4430@{#429}) on port 17213
Only local connections are allowed.
Please see https://chromedriver.chromium.org/security-considerations for suggestions on keeping ChromeDriver safe.
ChromeDriver was started successfully.
Jun 11, 2021 1:19:25 PM org.openqa.selenium.remote.ProtocolHandshake createSession
INFO: Detected dialect: W3C
Jun 11, 2021 1:19:32 PM org.openqa.selenium.remote.DesiredCapabilities chrome
INFO: Using `new ChromeOptions()` is preferred to `DesiredCapabilities.chrome()`
Starting ChromeDriver 90.0.4430.24 (4c6d850f087da467d926e8eddb76550aed655991-refs/branch-heads/4430@{#429}) on port 31142
Only local connections are allowed.
Please see https://chromedriver.chromium.org/security-considerations for suggestions on keeping ChromeDriver safe.
ChromeDriver was started successfully.
Jun 11, 2021 1:19:34 PM org.openqa.selenium.remote.ProtocolHandshake createSession
INFO: Detected dialect: W3C
]]></system-err>
</testsuite>
